[GIN-debug] POST   /api/drug/createInquiryRecord --> back/app/drug.CreateInquiryRecord (3 handlers)
[GIN-debug] POST   /api/drug/queryInquiryRecord --> back/app/drug.QueryInquiryRecord (3 handlers)
[GIN-debug] POST   /api/drug/approveInquiryRecord --> back/app/drug.ApproveInquiryRecord (3 handlers)
[GIN-debug] POST   /api/drug/appointedDoctor --> back/app/drug.AppointedDoctor (3 handlers)
[GIN-debug] POST   /api/inquiry/approveInquiryRecord --> back/app/Inquiry.ApproveInquiryRecord (3 handlers)
[GIN-debug] POST   /api/inquiry/appointedDoctor --> back/app/Inquiry.AppointedDoctor (3 handlers)
[GIN-debug] POST   /api/user/login           --> back/app/user.Login (3 handlers)
[GIN-debug] GET    /api/user/queryPatientInformation --> back/app/user.QueryPatientInformation (3 handlers)
[GIN-debug] GET    /api/user/queryDoctorInformation --> back/app/user.QueryDoctorInformation (3 handlers)
[GIN-debug] GET    /api/user/queryMedialRecordInformation --> back/app/user.QueryMedialRecordInformation (3 handlers)
[GIN-debug] GET    /api/user/queryDoctorInformation --> back/app/user.QueryDoctorInformation (3 handlers)
[GIN-debug] POST   /api/upload               --> back/pkg/ipfs.GinUploadImg (3 handlers)
[GIN-debug] GET    /api/drug/queryPatientAgentDrugHistory --> back/app/drug.QueryPatientAgentDrugHistory (3 handlers)
[GIN-debug] POST   /api/drug/patientAgentDrugConfirmReceipt --> back/app/drug.PatientAgentDrugConfirmReceipt (3 handlers)
[GIN-debug] GET    /api/drug/queryPhysiciansAgentDrugTask --> back/app/drug.QueryPhysiciansAgentDrugTask (3 handlers)
[GIN-debug] POST   /api/drug/physiciansOrderAgentDrug --> back/app/drug.PhysiciansOrderAgentDrug (3 handlers)
[GIN-debug] POST   /api/drug/physiciansOrderDelivery --> back/app/drug.PhysiciansOrderDelivery (3 handlers)
[GIN-debug] GET    /api/drug/queryPhysiciansAgentHistoryRecord --> back/app/drug.QueryPhysiciansAgentHistoryRecord (3 handlers)
[GIN-debug] POST   /api/inquiry/createInquiryRecord --> back/app/Inquiry.CreateInquiryRecord (3 handlers)
[GIN-debug] GET    /api/inquiry/queryInquiryRecord --> back/app/Inquiry.QueryInquiryRecord (3 handlers)
[GIN-debug] POST   /api/inquiry/approveInquiryRecord --> back/app/Inquiry.ApproveInquiryRecord (3 handlers)
[GIN-debug] POST   /api/inquiry/appointedDoctor --> back/app/Inquiry.AppointedDoctor (3 handlers)
[GIN-debug] GET    /api/medical/queryMedialRecordInformation --> back/app/medical.QueryMedialRecordInformation (3 handlers)
[GIN-debug] POST   /api/user/login           --> back/app/user.Login (3 handlers)
[GIN-debug] GET    /api/user/queryPatientInformation --> back/app/user.QueryPatientInformation (3 handlers)
[GIN-debug] GET    /api/user/queryDoctorInformation --> back/app/user.QueryDoctorInformation (3 handlers)
[GIN-debug] POST   /api/upload               --> back/pkg/ipfs.GinUploadImg (3 handlers)
[GIN-debug] GET    /api/drug/queryPatientAgentDrugHistory --> back/app/drug.QueryPatientAgentDrugHistory (3 handlers)
[GIN-debug] POST   /api/drug/patientAgentDrugConfirmReceipt --> back/app/drug.PatientAgentDrugConfirmReceipt (3 handlers)
[GIN-debug] GET    /api/drug/queryPhysiciansAgentDrugTask --> back/app/drug.QueryPhysiciansAgentDrugTask (3 handlers)
[GIN-debug] POST   /api/drug/physiciansOrderAgentDrug --> back/app/drug.PhysiciansOrderAgentDrug (3 handlers)
[GIN-debug] POST   /api/drug/physiciansOrderDelivery --> back/app/drug.PhysiciansOrderDelivery (3 handlers)
[GIN-debug] GET    /api/drug/queryPhysiciansAgentHistoryRecord --> back/app/drug.QueryPhysiciansAgentHistoryRecord (3 handlers)
[GIN-debug] POST   /api/inquiry/createInquiryRecord --> back/app/Inquiry.CreateInquiryRecord (3 handlers)
[GIN-debug] GET    /api/inquiry/queryInquiryRecord --> back/app/Inquiry.QueryInquiryRecord (3 handlers)
[GIN-debug] POST   /api/inquiry/approveInquiryRecord --> back/app/Inquiry.ApproveInquiryRecord (3 handlers)
[GIN-debug] POST   /api/inquiry/appointedDoctor --> back/app/Inquiry.AppointedDoctor (3 handlers)
[GIN-debug] GET    /api/medical/queryMedialRecordInformation --> back/app/medical.QueryMedialRecordInformation (3 handlers)
[GIN-debug] POST   /api/user/login           --> back/app/user.Login (3 handlers)
[GIN-debug] GET    /api/user/queryPatientInformation --> back/app/user.QueryPatientInformation (3 handlers)
[GIN-debug] GET    /api/user/queryDoctorInformation --> back/app/user.QueryDoctorInformation (3 handlers)
[GIN-debug] POST   /api/upload               --> back/pkg/ipfs.GinUploadImg (3 handlers)
[GIN-debug] GET    /api/drug/queryPatientAgentDrugHistory --> back/app/drug.QueryPatientAgentDrugHistory (3 handlers)
[GIN-debug] POST   /api/drug/patientAgentDrugConfirmReceipt --> back/app/drug.PatientAgentDrugConfirmReceipt (3 handlers)
[GIN-debug] GET    /api/drug/queryPhysiciansAgentDrugTask --> back/app/drug.QueryPhysiciansAgentDrugTask (3 handlers)
[GIN-debug] POST   /api/drug/physiciansOrderAgentDrug --> back/app/drug.PhysiciansOrderAgentDrug (3 handlers)
[GIN-debug] POST   /api/drug/physiciansOrderDelivery --> back/app/drug.PhysiciansOrderDelivery (3 handlers)
[GIN-debug] GET    /api/drug/queryPhysiciansAgentHistoryRecord --> back/app/drug.QueryPhysiciansAgentHistoryRecord (3 handlers)
[GIN-debug] POST   /api/inquiry/createInquiryRecord --> back/app/Inquiry.CreateInquiryRecord (3 handlers)
[GIN-debug] GET    /api/inquiry/queryInquiryRecord --> back/app/Inquiry.QueryInquiryRecord (3 handlers)
[GIN-debug] POST   /api/inquiry/approveInquiryRecord --> back/app/Inquiry.ApproveInquiryRecord (3 handlers)
[GIN-debug] POST   /api/inquiry/appointedDoctor --> back/app/Inquiry.AppointedDoctor (3 handlers)
[GIN-debug] GET    /api/medical/queryMedialRecordInformation --> back/app/medical.QueryMedialRecordInformation (3 handlers)
[GIN-debug] POST   /api/user/login           --> back/app/user.Login (3 handlers)
[GIN-debug] GET    /api/user/queryPatientInformation --> back/app/user.QueryPatientInformation (3 handlers)
[GIN-debug] GET    /api/user/queryDoctorInformation --> back/app/user.QueryDoctorInformation (3 handlers)
[GIN-debug] POST   /api/upload               --> back/pkg/ipfs.GinUploadImg (3 handlers)
[GIN-debug] GET    /api/drug/queryPatientAgentDrugHistory --> back/app/drug.QueryPatientAgentDrugHistory (3 handlers)
[GIN-debug] POST   /api/drug/patientAgentDrugConfirmReceipt --> back/app/drug.PatientAgentDrugConfirmReceipt (3 handlers)
[GIN-debug] GET    /api/drug/queryPhysiciansAgentDrugTask --> back/app/drug.QueryPhysiciansAgentDrugTask (3 handlers)
[GIN-debug] POST   /api/drug/physiciansOrderAgentDrug --> back/app/drug.PhysiciansOrderAgentDrug (3 handlers)
[GIN-debug] POST   /api/drug/physiciansOrderDelivery --> back/app/drug.PhysiciansOrderDelivery (3 handlers)
[GIN-debug] GET    /api/drug/queryPhysiciansAgentHistoryRecord --> back/app/drug.QueryPhysiciansAgentHistoryRecord (3 handlers)
[GIN-debug] POST   /api/inquiry/createInquiryRecord --> back/app/Inquiry.CreateInquiryRecord (3 handlers)
[GIN-debug] GET    /api/inquiry/queryInquiryRecord --> back/app/Inquiry.QueryInquiryRecord (3 handlers)
[GIN-debug] POST   /api/inquiry/approveInquiryRecord --> back/app/Inquiry.ApproveInquiryRecord (3 handlers)
[GIN-debug] POST   /api/inquiry/appointedDoctor --> back/app/Inquiry.AppointedDoctor (3 handlers)
[GIN-debug] GET    /api/medical/queryMedialRecordInformation --> back/app/medical.QueryMedialRecordInformation (3 handlers)
[GIN-debug] POST   /api/user/login           --> back/app/user.Login (3 handlers)
[GIN-debug] GET    /api/user/queryPatientInformation --> back/app/user.QueryPatientInformation (3 handlers)
[GIN-debug] GET    /api/user/queryDoctorInformation --> back/app/user.QueryDoctorInformation (3 handlers)
[GIN-debug] POST   /api/upload               --> back/pkg/ipfs.GinUploadImg (3 handlers)
[GIN-debug] GET    /api/drug/queryPatientAgentDrugHistory --> back/app/drug.QueryPatientAgentDrugHistory (3 handlers)
[GIN-debug] POST   /api/drug/patientAgentDrugConfirmReceipt --> back/app/drug.PatientAgentDrugConfirmReceipt (3 handlers)
[GIN-debug] GET    /api/drug/queryPhysiciansAgentDrugTask --> back/app/drug.QueryPhysiciansAgentDrugTask (3 handlers)
[GIN-debug] POST   /api/drug/physiciansOrderAgentDrug --> back/app/drug.PhysiciansOrderAgentDrug (3 handlers)
[GIN-debug] POST   /api/drug/physiciansOrderDelivery --> back/app/drug.PhysiciansOrderDelivery (3 handlers)
[GIN-debug] GET    /api/drug/queryPhysiciansAgentHistoryRecord --> back/app/drug.QueryPhysiciansAgentHistoryRecord (3 handlers)
[GIN-debug] POST   /api/inquiry/createInquiryRecord --> back/app/Inquiry.CreateInquiryRecord (3 handlers)
[GIN-debug] GET    /api/inquiry/queryInquiryRecord --> back/app/Inquiry.QueryInquiryRecord (3 handlers)
[GIN-debug] POST   /api/inquiry/approveInquiryRecord --> back/app/Inquiry.ApproveInquiryRecord (3 handlers)
[GIN-debug] POST   /api/inquiry/appointedDoctor --> back/app/Inquiry.AppointedDoctor (3 handlers)
[GIN-debug] GET    /api/medical/queryMedialRecordInformation --> back/app/medical.QueryMedialRecordInformation (3 handlers)
[GIN-debug] POST   /api/user/login           --> back/app/user.Login (3 handlers)
[GIN-debug] GET    /api/user/queryPatientInformation --> back/app/user.QueryPatientInformation (3 handlers)
[GIN-debug] GET    /api/user/queryDoctorInformation --> back/app/user.QueryDoctorInformation (3 handlers)
[GIN-debug] POST   /api/upload               --> back/pkg/ipfs.GinUploadImg (3 handlers)
[GIN-debug] GET    /api/drug/queryPatientAgentDrugHistory --> back/app/drug.QueryPatientAgentDrugHistory (3 handlers)
[GIN-debug] POST   /api/drug/patientAgentDrugConfirmReceipt --> back/app/drug.PatientAgentDrugConfirmReceipt (3 handlers)
[GIN-debug] GET    /api/drug/queryPhysiciansAgentDrugTask --> back/app/drug.QueryPhysiciansAgentDrugTask (3 handlers)
[GIN-debug] POST   /api/drug/physiciansOrderAgentDrug --> back/app/drug.PhysiciansOrderAgentDrug (3 handlers)
[GIN-debug] POST   /api/drug/physiciansOrderDelivery --> back/app/drug.PhysiciansOrderDelivery (3 handlers)
[GIN-debug] GET    /api/drug/queryPhysiciansAgentHistoryRecord --> back/app/drug.QueryPhysiciansAgentHistoryRecord (3 handlers)
[GIN-debug] POST   /api/inquiry/createInquiryRecord --> back/app/Inquiry.CreateInquiryRecord (3 handlers)
[GIN-debug] GET    /api/inquiry/queryInquiryRecord --> back/app/Inquiry.QueryInquiryRecord (3 handlers)
[GIN-debug] POST   /api/inquiry/approveInquiryRecord --> back/app/Inquiry.ApproveInquiryRecord (3 handlers)
[GIN-debug] POST   /api/inquiry/appointedDoctor --> back/app/Inquiry.AppointedDoctor (3 handlers)
[GIN-debug] GET    /api/medical/queryMedialRecordInformation --> back/app/medical.QueryMedialRecordInformation (3 handlers)
[GIN-debug] POST   /api/user/login           --> back/app/user.Login (3 handlers)
[GIN-debug] GET    /api/user/queryPatientInformation --> back/app/user.QueryPatientInformation (3 handlers)
[GIN-debug] GET    /api/user/queryDoctorInformation --> back/app/user.QueryDoctorInformation (3 handlers)
[GIN-debug] POST   /api/upload               --> back/pkg/ipfs.GinUploadImg (3 handlers)
[GIN-debug] GET    /api/drug/queryPatientAgentDrugHistory --> back/app/drug.QueryPatientAgentDrugHistory (3 handlers)
[GIN-debug] POST   /api/drug/patientAgentDrugConfirmReceipt --> back/app/drug.PatientAgentDrugConfirmReceipt (3 handlers)
[GIN-debug] GET    /api/drug/queryPhysiciansAgentDrugTask --> back/app/drug.QueryPhysiciansAgentDrugTask (3 handlers)
[GIN-debug] POST   /api/drug/physiciansOrderAgentDrug --> back/app/drug.PhysiciansOrderAgentDrug (3 handlers)
[GIN-debug] POST   /api/drug/physiciansOrderDelivery --> back/app/drug.PhysiciansOrderDelivery (3 handlers)
[GIN-debug] GET    /api/drug/queryPhysiciansAgentHistoryRecord --> back/app/drug.QueryPhysiciansAgentHistoryRecord (3 handlers)
[GIN-debug] POST   /api/inquiry/createInquiryRecord --> back/app/Inquiry.CreateInquiryRecord (3 handlers)
[GIN-debug] GET    /api/inquiry/queryInquiryRecord --> back/app/Inquiry.QueryInquiryRecord (3 handlers)
[GIN-debug] POST   /api/inquiry/approveInquiryRecord --> back/app/Inquiry.ApproveInquiryRecord (3 handlers)
[GIN-debug] POST   /api/inquiry/appointedDoctor --> back/app/Inquiry.AppointedDoctor (3 handlers)
[GIN-debug] GET    /api/medical/queryMedialRecordInformation --> back/app/medical.QueryMedialRecordInformation (3 handlers)
[GIN-debug] POST   /api/user/login           --> back/app/user.Login (3 handlers)
[GIN-debug] GET    /api/user/queryPatientInformation --> back/app/user.QueryPatientInformation (3 handlers)
[GIN-debug] GET    /api/user/queryDoctorInformation --> back/app/user.QueryDoctorInformation (3 handlers)
[GIN-debug] POST   /api/upload               --> back/pkg/ipfs.GinUploadImg (3 handlers)
[GIN-debug] GET    /api/drug/queryPatientAgentDrugHistory --> back/app/drug.QueryPatientAgentDrugHistory (3 handlers)
[GIN-debug] POST   /api/drug/patientAgentDrugConfirmReceipt --> back/app/drug.PatientAgentDrugConfirmReceipt (3 handlers)
[GIN-debug] GET    /api/drug/queryPhysiciansAgentDrugTask --> back/app/drug.QueryPhysiciansAgentDrugTask (3 handlers)
[GIN-debug] POST   /api/drug/physiciansOrderAgentDrug --> back/app/drug.PhysiciansOrderAgentDrug (3 handlers)
[GIN-debug] POST   /api/drug/physiciansOrderDelivery --> back/app/drug.PhysiciansOrderDelivery (3 handlers)
[GIN-debug] GET    /api/drug/queryPhysiciansAgentHistoryRecord --> back/app/drug.QueryPhysiciansAgentHistoryRecord (3 handlers)
[GIN-debug] POST   /api/inquiry/createInquiryRecord --> back/app/Inquiry.CreateInquiryRecord (3 handlers)
[GIN-debug] GET    /api/inquiry/queryInquiryRecord --> back/app/Inquiry.QueryInquiryRecord (3 handlers)
[GIN-debug] POST   /api/inquiry/approveInquiryRecord --> back/app/Inquiry.ApproveInquiryRecord (3 handlers)
[GIN-debug] POST   /api/inquiry/appointedDoctor --> back/app/Inquiry.AppointedDoctor (3 handlers)
[GIN-debug] GET    /api/medical/queryMedialRecordInformation --> back/app/medical.QueryMedialRecordInformation (3 handlers)
[GIN-debug] POST   /api/user/login           --> back/app/user.Login (3 handlers)
[GIN-debug] GET    /api/user/queryPatientInformation --> back/app/user.QueryPatientInformation (3 handlers)
[GIN-debug] GET    /api/user/queryDoctorInformation --> back/app/user.QueryDoctorInformation (3 handlers)
